<?xml version="1.0" encoding="UTF-8"?>
<testsuite name="ru.hse.lab2.service.TicketServiceTest" tests="3" skipped="0" failures="0" errors="0" timestamp="2026-04-23T00:16:06.882Z" hostname="ermakov" time="0.235">
  <properties/>
  <testcase name="getMaxViewersPerDayByFilm_returnsDayWithMaximumViewers()" classname="ru.hse.lab2.service.TicketServiceTest" time="0.127"/>
  <testcase name="create_throwsConflictWhenSeatAlreadyTaken()" classname="ru.hse.lab2.service.TicketServiceTest" time="0.103"/>
  <testcase name="getMaxViewersPerDayByFilm_usesEarlierDateAsTieBreaker()" classname="ru.hse.lab2.service.TicketServiceTest" time="0.003"/>
  <system-out><![CDATA[]]></system-out>
  <system-err><![CDATA[]]></system-err>
</testsuite>
